<?xml version="1.0" encoding="UTF-8"?>
<TestRun id="a716f108-9f53-4af8-8ecf-2f20b58cfe44" name="Administrator@PWC-DEV-85 2012-04-25 12:29:37" runUser="PWC-DEV-85\Administrator" xmlns="http://microsoft.com/schemas/VisualStudio/TeamTest/2010">
  <TestSettings name="Local" id="33277e71-772e-44de-a32b-71e400725fbf">
    <Description>These are default test settings for a local test run.</Description>
    <Deployment enabled="false" runDeploymentRoot="Administrator_PWC-DEV-85 2012-04-25 12_29_37" />
    <Execution>
      <TestTypeSpecific />
      <AgentRule name="Execution Agents">
      </AgentRule>
    </Execution>
  </TestSettings>
  <Times creation="2012-04-25T12:29:37.4142053+08:00" queuing="2012-04-25T12:29:37.8112280+08:00" start="2012-04-25T12:29:37.9952385+08:00" finish="2012-04-25T12:29:38.2152511+08:00" />
  <ResultSummary outcome="Failed">
    <Counters total="3" executed="3" passed="2" error="0" failed="1" timeout="0" aborted="0" inconclusive="0" passedButRunAborted="0" notRunnable="0" notExecuted="0" disconnected="0" warning="0" completed="0" inProgress="0" pending="0" />
  </ResultSummary>
  <TestDefinitions>
    <UnitTest name="should_return_3A0B_when_three_numbers_exactly_match_in_random_number" storage="c:\workspace\mynumber\consoleapplication1\unittest\bin\debug\unittest.dll" id="13c751b7-b029-8374-283c-377598f0b01b">
      <Execution timeOut="1800000" id="08154bdc-0a96-4801-87fe-2b63a4d5b689" />
      <TestMethod codeBase="C:/Workspace/myNumber/ConsoleApplication1/UnitTest/bin/Debug/UnitTest.DLL" adapterTypeName="Microsoft.VisualStudio.TestTools.TestTypes.Unit.UnitTestAdapter, Microsoft.VisualStudio.QualityTools.Tips.UnitTest.Adapter, Version=10.0.0.0, Culture=neutral, PublicKeyToken=b03f5f7f11d50a3a" className="UnitTest.GuessNumberTest, UnitTest, Version=1.0.0.0, Culture=neutral, PublicKeyToken=null" name="should_return_3A0B_when_three_numbers_exactly_match_in_random_number" />
    </UnitTest>
    <UnitTest name="should_return_4A0B_when_all_number_exactly_match_random_number" storage="c:\workspace\mynumber\consoleapplication1\unittest\bin\debug\unittest.dll" id="4d1da9c0-c610-9514-4545-a1634804c36d">
      <Execution timeOut="1800000" id="3f4ea01e-fd92-4575-8584-af3e8bf7b01b" />
      <TestMethod codeBase="C:/Workspace/myNumber/ConsoleApplication1/UnitTest/bin/Debug/UnitTest.DLL" adapterTypeName="Microsoft.VisualStudio.TestTools.TestTypes.Unit.UnitTestAdapter, Microsoft.VisualStudio.QualityTools.Tips.UnitTest.Adapter, Version=10.0.0.0, Culture=neutral, PublicKeyToken=b03f5f7f11d50a3a" className="UnitTest.GuessNumberTest, UnitTest, Version=1.0.0.0, Culture=neutral, PublicKeyToken=null" name="should_return_4A0B_when_all_number_exactly_match_random_number" />
    </UnitTest>
    <UnitTest name="should_return_3A1B_when_three_number_exactly_match__random_number_and_one_exit" storage="c:\workspace\mynumber\consoleapplication1\unittest\bin\debug\unittest.dll" id="c225082c-db83-6a33-b3e1-268043dc4947">
      <Execution timeOut="1800000" id="2ed60dfe-fbbb-405a-bd09-66220400a5e1" />
      <TestMethod codeBase="C:/Workspace/myNumber/ConsoleApplication1/UnitTest/bin/Debug/UnitTest.DLL" adapterTypeName="Microsoft.VisualStudio.TestTools.TestTypes.Unit.UnitTestAdapter, Microsoft.VisualStudio.QualityTools.Tips.UnitTest.Adapter, Version=10.0.0.0, Culture=neutral, PublicKeyToken=b03f5f7f11d50a3a" className="UnitTest.GuessNumberTest, UnitTest, Version=1.0.0.0, Culture=neutral, PublicKeyToken=null" name="should_return_3A1B_when_three_number_exactly_match__random_number_and_one_exit" />
    </UnitTest>
  </TestDefinitions>
  <TestLists>
    <TestList name="Results Not in a List" id="8c84fa94-04c1-424b-9868-57a2d4851a1d" />
    <TestList name="All Loaded Results" id="19431567-8539-422a-85d7-44ee4e166bda" />
  </TestLists>
  <TestEntries>
    <TestEntry testId="13c751b7-b029-8374-283c-377598f0b01b" executionId="08154bdc-0a96-4801-87fe-2b63a4d5b689" testListId="8c84fa94-04c1-424b-9868-57a2d4851a1d" />
    <TestEntry testId="c225082c-db83-6a33-b3e1-268043dc4947" executionId="2ed60dfe-fbbb-405a-bd09-66220400a5e1" testListId="8c84fa94-04c1-424b-9868-57a2d4851a1d" />
    <TestEntry testId="4d1da9c0-c610-9514-4545-a1634804c36d" executionId="3f4ea01e-fd92-4575-8584-af3e8bf7b01b" testListId="8c84fa94-04c1-424b-9868-57a2d4851a1d" />
  </TestEntries>
  <Results>
    <UnitTestResult executionId="08154bdc-0a96-4801-87fe-2b63a4d5b689" testId="13c751b7-b029-8374-283c-377598f0b01b" testName="should_return_3A0B_when_three_numbers_exactly_match_in_random_number" computerName="PWC-DEV-85" duration="00:00:00.0135923" startTime="2012-04-25T12:29:38.0382410+08:00" endTime="2012-04-25T12:29:38.1052448+08:00" testType="13cdc9d9-ddb5-4fa4-a97d-d965ccfc6d4b" outcome="Passed" testListId="8c84fa94-04c1-424b-9868-57a2d4851a1d" relativeResultsDirectory="08154bdc-0a96-4801-87fe-2b63a4d5b689">
    </UnitTestResult>
    <UnitTestResult executionId="2ed60dfe-fbbb-405a-bd09-66220400a5e1" testId="c225082c-db83-6a33-b3e1-268043dc4947" testName="should_return_3A1B_when_three_number_exactly_match__random_number_and_one_exit" computerName="PWC-DEV-85" duration="00:00:00.0234609" startTime="2012-04-25T12:29:38.1062449+08:00" endTime="2012-04-25T12:29:38.1302462+08:00" testType="13cdc9d9-ddb5-4fa4-a97d-d965ccfc6d4b" outcome="Failed" testListId="8c84fa94-04c1-424b-9868-57a2d4851a1d" relativeResultsDirectory="2ed60dfe-fbbb-405a-bd09-66220400a5e1">
      <Output>
        <ErrorInfo>
          <Message>Assert.AreEqual failed. Expected:&lt;3A1B&gt;. Actual:&lt;3A0B&gt;. </Message>
          <StackTrace>   at UnitTest.GuessNumberTest.should_return_3A1B_when_three_number_exactly_match__random_number_and_one_exit() in C:\Workspace\myNumber\ConsoleApplication1\UnitTest\GuessNumberTest.cs:line 31
</StackTrace>
        </ErrorInfo>
      </Output>
    </UnitTestResult>
    <UnitTestResult executionId="3f4ea01e-fd92-4575-8584-af3e8bf7b01b" testId="4d1da9c0-c610-9514-4545-a1634804c36d" testName="should_return_4A0B_when_all_number_exactly_match_random_number" computerName="PWC-DEV-85" duration="00:00:00.0001657" startTime="2012-04-25T12:29:38.1312463+08:00" endTime="2012-04-25T12:29:38.1312463+08:00" testType="13cdc9d9-ddb5-4fa4-a97d-d965ccfc6d4b" outcome="Passed" testListId="8c84fa94-04c1-424b-9868-57a2d4851a1d" relativeResultsDirectory="3f4ea01e-fd92-4575-8584-af3e8bf7b01b">
    </UnitTestResult>
  </Results>
</TestRun>