<?xml version="1.0" encoding="UTF-8"?>
<TestRun id="277d46b0-f878-48d2-957b-dc05a8d452eb" name="Administrator@PWC-DEV-85 2012-04-25 12:21:21" runUser="PWC-DEV-85\Administrator" xmlns="http://microsoft.com/schemas/VisualStudio/TeamTest/2010">
  <TestSettings name="Local" id="33277e71-772e-44de-a32b-71e400725fbf">
    <Description>These are default test settings for a local test run.</Description>
    <Deployment enabled="false" runDeploymentRoot="Administrator_PWC-DEV-85 2012-04-25 12_21_21" />
    <Execution>
      <TestTypeSpecific />
      <AgentRule name="Execution Agents">
      </AgentRule>
    </Execution>
  </TestSettings>
  <Times creation="2012-04-25T12:21:21.9066873+08:00" queuing="2012-04-25T12:21:22.4287172+08:00" start="2012-04-25T12:21:22.7037329+08:00" finish="2012-04-25T12:21:22.9677480+08:00" />
  <ResultSummary outcome="Failed">
    <Counters total="1" executed="1" error="0" failed="1" timeout="0" aborted="0" inconclusive="0" passedButRunAborted="0" notRunnable="0" notExecuted="0" disconnected="0" warning="0" passed="0" completed="0" inProgress="0" pending="0" />
  </ResultSummary>
  <TestDefinitions>
    <UnitTest name="should_return_0A0B_when_no_numbers_exactly_match_random_number" storage="c:\workspace\mynumber\consoleapplication1\unittest\bin\debug\unittest.dll" id="080120d2-6245-2901-d860-8b2b1227dd14">
      <Execution timeOut="1800000" id="c70c7e11-e4a8-4bec-8a0d-1ac286229e71" />
      <TestMethod codeBase="C:/Workspace/myNumber/ConsoleApplication1/UnitTest/bin/Debug/UnitTest.DLL" adapterTypeName="Microsoft.VisualStudio.TestTools.TestTypes.Unit.UnitTestAdapter, Microsoft.VisualStudio.QualityTools.Tips.UnitTest.Adapter, Version=10.0.0.0, Culture=neutral, PublicKeyToken=b03f5f7f11d50a3a" className="UnitTest.GuessNumberTest, UnitTest, Version=1.0.0.0, Culture=neutral, PublicKeyToken=null" name="should_return_0A0B_when_no_numbers_exactly_match_random_number" />
    </UnitTest>
  </TestDefinitions>
  <TestLists>
    <TestList name="Results Not in a List" id="8c84fa94-04c1-424b-9868-57a2d4851a1d" />
    <TestList name="All Loaded Results" id="19431567-8539-422a-85d7-44ee4e166bda" />
  </TestLists>
  <TestEntries>
    <TestEntry testId="080120d2-6245-2901-d860-8b2b1227dd14" executionId="c70c7e11-e4a8-4bec-8a0d-1ac286229e71" testListId="8c84fa94-04c1-424b-9868-57a2d4851a1d" />
  </TestEntries>
  <Results>
    <UnitTestResult executionId="c70c7e11-e4a8-4bec-8a0d-1ac286229e71" testId="080120d2-6245-2901-d860-8b2b1227dd14" testName="should_return_0A0B_when_no_numbers_exactly_match_random_number" computerName="PWC-DEV-85" duration="00:00:00.0459556" startTime="2012-04-25T12:21:22.8087389+08:00" endTime="2012-04-25T12:21:22.9077446+08:00" testType="13cdc9d9-ddb5-4fa4-a97d-d965ccfc6d4b" outcome="Failed" testListId="8c84fa94-04c1-424b-9868-57a2d4851a1d" relativeResultsDirectory="c70c7e11-e4a8-4bec-8a0d-1ac286229e71">
      <Output>
        <ErrorInfo>
          <Message>Test method UnitTest.GuessNumberTest.should_return_0A0B_when_no_numbers_exactly_match_random_number threw exception: 
System.NotImplementedException: The method or operation is not implemented.</Message>
          <StackTrace>    at UnitTest.GuessNumber..ctor(String randomNumber) in C:\Workspace\myNumber\ConsoleApplication1\UnitTest\GuessNumberTest.cs:line 39
   at UnitTest.GuessNumberTest.should_return_0A0B_when_no_numbers_exactly_match_random_number() in C:\Workspace\myNumber\ConsoleApplication1\UnitTest\GuessNumberTest.cs:line 13
</StackTrace>
        </ErrorInfo>
      </Output>
    </UnitTestResult>
  </Results>
</TestRun>