<?xml version="1.0" encoding="UTF-8"?>
<TestRun id="8aac3621-b09b-41c7-a792-74d603a36d30" name="Administrator@PWC-DEV-85 2012-04-18 13:02:37" runUser="PWC-DEV-85\Administrator" xmlns="http://microsoft.com/schemas/VisualStudio/TeamTest/2010">
  <TestSettings name="Local" id="33277e71-772e-44de-a32b-71e400725fbf">
    <Description>These are default test settings for a local test run.</Description>
    <Deployment enabled="false" runDeploymentRoot="Administrator_PWC-DEV-85 2012-04-18 13_02_37" />
    <Execution>
      <TestTypeSpecific />
      <AgentRule name="Execution Agents">
      </AgentRule>
    </Execution>
  </TestSettings>
  <Times creation="2012-04-18T13:02:37.4206843+08:00" queuing="2012-04-18T13:02:37.8497088+08:00" start="2012-04-18T13:02:38.0637211+08:00" finish="2012-04-18T13:02:38.3617381+08:00" />
  <ResultSummary outcome="Failed">
    <Counters total="1" executed="1" error="0" failed="1" timeout="0" aborted="0" inconclusive="0" passedButRunAborted="0" notRunnable="0" notExecuted="0" disconnected="0" warning="0" passed="0" completed="0" inProgress="0" pending="0" />
  </ResultSummary>
  <TestDefinitions>
    <UnitTest name="Should_return_0A0B_when_no_numbers_match" storage="c:\workspace\mynumber\consoleapplication1\unittest\bin\debug\unittest.dll" id="f4ed97c4-6c24-6811-2f0e-e4b03a48b8e1">
      <Execution timeOut="1800000" id="d32db358-8c89-489f-85df-22945d044b32" />
      <TestMethod codeBase="C:/Workspace/myNumber/ConsoleApplication1/UnitTest/bin/Debug/UnitTest.DLL" adapterTypeName="Microsoft.VisualStudio.TestTools.TestTypes.Unit.UnitTestAdapter, Microsoft.VisualStudio.QualityTools.Tips.UnitTest.Adapter, Version=10.0.0.0, Culture=neutral, PublicKeyToken=b03f5f7f11d50a3a" className="UnitTest.GuessNumberTest, UnitTest, Version=1.0.0.0, Culture=neutral, PublicKeyToken=null" name="Should_return_0A0B_when_no_numbers_match" />
    </UnitTest>
  </TestDefinitions>
  <TestLists>
    <TestList name="Results Not in a List" id="8c84fa94-04c1-424b-9868-57a2d4851a1d" />
    <TestList name="All Loaded Results" id="19431567-8539-422a-85d7-44ee4e166bda" />
  </TestLists>
  <TestEntries>
    <TestEntry testId="f4ed97c4-6c24-6811-2f0e-e4b03a48b8e1" executionId="d32db358-8c89-489f-85df-22945d044b32" testListId="8c84fa94-04c1-424b-9868-57a2d4851a1d" />
  </TestEntries>
  <Results>
    <UnitTestResult executionId="d32db358-8c89-489f-85df-22945d044b32" testId="f4ed97c4-6c24-6811-2f0e-e4b03a48b8e1" testName="Should_return_0A0B_when_no_numbers_match" computerName="PWC-DEV-85" duration="00:00:00.0474337" startTime="2012-04-18T13:02:38.1187242+08:00" endTime="2012-04-18T13:02:38.2467315+08:00" testType="13cdc9d9-ddb5-4fa4-a97d-d965ccfc6d4b" outcome="Failed" testListId="8c84fa94-04c1-424b-9868-57a2d4851a1d" relativeResultsDirectory="d32db358-8c89-489f-85df-22945d044b32">
      <Output>
        <ErrorInfo>
          <Message>Assert.Fail failed. Assert.Equals should not be used for Assertions. Please use Assert.AreEqual &amp; overloads instead.</Message>
          <StackTrace>   at UnitTest.GuessNumberTest.Should_return_0A0B_when_no_numbers_match() in C:\Workspace\myNumber\ConsoleApplication1\UnitTest\GuessNumberTest.cs:line 15
</StackTrace>
        </ErrorInfo>
      </Output>
    </UnitTestResult>
  </Results>
</TestRun>