<?xml version="1.0" encoding="UTF-8"?>
<TestRun id="6596d400-1b3a-4368-82ec-ee02a6e50e18" name="Administrator@PWC-DEV-85 2012-04-30 11:21:53" runUser="PWC-DEV-85\Administrator" xmlns="http://microsoft.com/schemas/VisualStudio/TeamTest/2010">
  <TestSettings name="Local" id="33277e71-772e-44de-a32b-71e400725fbf">
    <Description>These are default test settings for a local test run.</Description>
    <Deployment enabled="false" runDeploymentRoot="Administrator_PWC-DEV-85 2012-04-30 11_21_53" />
    <Execution>
      <TestTypeSpecific />
      <AgentRule name="Execution Agents">
      </AgentRule>
    </Execution>
  </TestSettings>
  <Times creation="2012-04-30T11:21:53.6941757+08:00" queuing="2012-04-30T11:21:53.9437762+08:00" start="2012-04-30T11:21:54.1309765+08:00" finish="2012-04-30T11:21:54.4273770+08:00" />
  <ResultSummary outcome="Completed">
    <Counters total="5" executed="5" passed="5" error="0" failed="0" timeout="0" aborted="0" inconclusive="0" passedButRunAborted="0" notRunnable="0" notExecuted="0" disconnected="0" warning="0" completed="0" inProgress="0" pending="0" />
  </ResultSummary>
  <TestDefinitions>
    <UnitTest name="should_return_3A1B_when_three_number_exactly_match__answer_and_one_exit" storage="c:\workspace\mynumber\consoleapplication1\unittest\bin\debug\unittest.dll" id="8a5af9cc-b0ef-fada-e56a-d8c2c4254c0e">
      <Execution timeOut="1800000" id="296cdef0-52ff-46b9-8399-e02286bce26f" />
      <TestMethod codeBase="C:/Workspace/myNumber/ConsoleApplication1/UnitTest/bin/Debug/UnitTest.DLL" adapterTypeName="Microsoft.VisualStudio.TestTools.TestTypes.Unit.UnitTestAdapter, Microsoft.VisualStudio.QualityTools.Tips.UnitTest.Adapter, Version=10.0.0.0, Culture=neutral, PublicKeyToken=b03f5f7f11d50a3a" className="UnitTest.GuessNumberTest, UnitTest, Version=1.0.0.0, Culture=neutral, PublicKeyToken=null" name="should_return_3A1B_when_three_number_exactly_match__answer_and_one_exit" />
    </UnitTest>
    <UnitTest name="should_return_3A0B_when_three_numbers_exactly_match_in_answer" storage="c:\workspace\mynumber\consoleapplication1\unittest\bin\debug\unittest.dll" id="bb005f96-e565-be8a-36f6-cff0f398fd01">
      <Execution timeOut="1800000" id="3933cb91-9a91-4316-bae5-53f800c5519b" />
      <TestMethod codeBase="C:/Workspace/myNumber/ConsoleApplication1/UnitTest/bin/Debug/UnitTest.DLL" adapterTypeName="Microsoft.VisualStudio.TestTools.TestTypes.Unit.UnitTestAdapter, Microsoft.VisualStudio.QualityTools.Tips.UnitTest.Adapter, Version=10.0.0.0, Culture=neutral, PublicKeyToken=b03f5f7f11d50a3a" className="UnitTest.GuessNumberTest, UnitTest, Version=1.0.0.0, Culture=neutral, PublicKeyToken=null" name="should_return_3A0B_when_three_numbers_exactly_match_in_answer" />
    </UnitTest>
    <UnitTest name="should_return_0A4B_when_no_number_exactly_match_answer_and_on_number_exits_in" storage="c:\workspace\mynumber\consoleapplication1\unittest\bin\debug\unittest.dll" id="306796b1-c129-f008-febf-ec68b764fa6f">
      <Execution timeOut="1800000" id="b0ca162d-723f-43ff-a362-47fcc96a96b9" />
      <TestMethod codeBase="C:/Workspace/myNumber/ConsoleApplication1/UnitTest/bin/Debug/UnitTest.DLL" adapterTypeName="Microsoft.VisualStudio.TestTools.TestTypes.Unit.UnitTestAdapter, Microsoft.VisualStudio.QualityTools.Tips.UnitTest.Adapter, Version=10.0.0.0, Culture=neutral, PublicKeyToken=b03f5f7f11d50a3a" className="UnitTest.GuessNumberTest, UnitTest, Version=1.0.0.0, Culture=neutral, PublicKeyToken=null" name="should_return_0A4B_when_no_number_exactly_match_answer_and_on_number_exits_in" />
    </UnitTest>
    <UnitTest name="should_return_4A0B_when_all_number_exactly_match_answer" storage="c:\workspace\mynumber\consoleapplication1\unittest\bin\debug\unittest.dll" id="1acc6b33-f779-6df0-2e4a-092a2d3a7630">
      <Execution timeOut="1800000" id="bd0714a8-88f3-43a3-b324-0f342804c7a0" />
      <TestMethod codeBase="C:/Workspace/myNumber/ConsoleApplication1/UnitTest/bin/Debug/UnitTest.DLL" adapterTypeName="Microsoft.VisualStudio.TestTools.TestTypes.Unit.UnitTestAdapter, Microsoft.VisualStudio.QualityTools.Tips.UnitTest.Adapter, Version=10.0.0.0, Culture=neutral, PublicKeyToken=b03f5f7f11d50a3a" className="UnitTest.GuessNumberTest, UnitTest, Version=1.0.0.0, Culture=neutral, PublicKeyToken=null" name="should_return_4A0B_when_all_number_exactly_match_answer" />
    </UnitTest>
    <UnitTest name="should_return_0A0B_when_no_number_exactly_match_answer_and_on_number_exits_in" storage="c:\workspace\mynumber\consoleapplication1\unittest\bin\debug\unittest.dll" id="a7622094-c79a-ba09-7434-3c6feab662a5">
      <Execution timeOut="1800000" id="773fc5d3-86d0-4381-9615-0a72212adf8f" />
      <TestMethod codeBase="C:/Workspace/myNumber/ConsoleApplication1/UnitTest/bin/Debug/UnitTest.DLL" adapterTypeName="Microsoft.VisualStudio.TestTools.TestTypes.Unit.UnitTestAdapter, Microsoft.VisualStudio.QualityTools.Tips.UnitTest.Adapter, Version=10.0.0.0, Culture=neutral, PublicKeyToken=b03f5f7f11d50a3a" className="UnitTest.GuessNumberTest, UnitTest, Version=1.0.0.0, Culture=neutral, PublicKeyToken=null" name="should_return_0A0B_when_no_number_exactly_match_answer_and_on_number_exits_in" />
    </UnitTest>
  </TestDefinitions>
  <TestLists>
    <TestList name="Results Not in a List" id="8c84fa94-04c1-424b-9868-57a2d4851a1d" />
    <TestList name="All Loaded Results" id="19431567-8539-422a-85d7-44ee4e166bda" />
  </TestLists>
  <TestEntries>
    <TestEntry testId="a7622094-c79a-ba09-7434-3c6feab662a5" executionId="773fc5d3-86d0-4381-9615-0a72212adf8f" testListId="8c84fa94-04c1-424b-9868-57a2d4851a1d" />
    <TestEntry testId="306796b1-c129-f008-febf-ec68b764fa6f" executionId="b0ca162d-723f-43ff-a362-47fcc96a96b9" testListId="8c84fa94-04c1-424b-9868-57a2d4851a1d" />
    <TestEntry testId="bb005f96-e565-be8a-36f6-cff0f398fd01" executionId="3933cb91-9a91-4316-bae5-53f800c5519b" testListId="8c84fa94-04c1-424b-9868-57a2d4851a1d" />
    <TestEntry testId="8a5af9cc-b0ef-fada-e56a-d8c2c4254c0e" executionId="296cdef0-52ff-46b9-8399-e02286bce26f" testListId="8c84fa94-04c1-424b-9868-57a2d4851a1d" />
    <TestEntry testId="1acc6b33-f779-6df0-2e4a-092a2d3a7630" executionId="bd0714a8-88f3-43a3-b324-0f342804c7a0" testListId="8c84fa94-04c1-424b-9868-57a2d4851a1d" />
  </TestEntries>
  <Results>
    <UnitTestResult executionId="773fc5d3-86d0-4381-9615-0a72212adf8f" testId="a7622094-c79a-ba09-7434-3c6feab662a5" testName="should_return_0A0B_when_no_number_exactly_match_answer_and_on_number_exits_in" computerName="PWC-DEV-85" duration="00:00:00.0199720" startTime="2012-04-30T11:21:54.2089766+08:00" endTime="2012-04-30T11:21:54.3025768+08:00" testType="13cdc9d9-ddb5-4fa4-a97d-d965ccfc6d4b" outcome="Passed" testListId="8c84fa94-04c1-424b-9868-57a2d4851a1d" relativeResultsDirectory="773fc5d3-86d0-4381-9615-0a72212adf8f">
    </UnitTestResult>
    <UnitTestResult executionId="b0ca162d-723f-43ff-a362-47fcc96a96b9" testId="306796b1-c129-f008-febf-ec68b764fa6f" testName="should_return_0A4B_when_no_number_exactly_match_answer_and_on_number_exits_in" computerName="PWC-DEV-85" duration="00:00:00.0002876" startTime="2012-04-30T11:21:54.3181768+08:00" endTime="2012-04-30T11:21:54.3181768+08:00" testType="13cdc9d9-ddb5-4fa4-a97d-d965ccfc6d4b" outcome="Passed" testListId="8c84fa94-04c1-424b-9868-57a2d4851a1d" relativeResultsDirectory="b0ca162d-723f-43ff-a362-47fcc96a96b9">
    </UnitTestResult>
    <UnitTestResult executionId="3933cb91-9a91-4316-bae5-53f800c5519b" testId="bb005f96-e565-be8a-36f6-cff0f398fd01" testName="should_return_3A0B_when_three_numbers_exactly_match_in_answer" computerName="PWC-DEV-85" duration="00:00:00.0002659" startTime="2012-04-30T11:21:54.3181768+08:00" endTime="2012-04-30T11:21:54.3181768+08:00" testType="13cdc9d9-ddb5-4fa4-a97d-d965ccfc6d4b" outcome="Passed" testListId="8c84fa94-04c1-424b-9868-57a2d4851a1d" relativeResultsDirectory="3933cb91-9a91-4316-bae5-53f800c5519b">
    </UnitTestResult>
    <UnitTestResult executionId="296cdef0-52ff-46b9-8399-e02286bce26f" testId="8a5af9cc-b0ef-fada-e56a-d8c2c4254c0e" testName="should_return_3A1B_when_three_number_exactly_match__answer_and_one_exit" computerName="PWC-DEV-85" duration="00:00:00.0002514" startTime="2012-04-30T11:21:54.3181768+08:00" endTime="2012-04-30T11:21:54.3181768+08:00" testType="13cdc9d9-ddb5-4fa4-a97d-d965ccfc6d4b" outcome="Passed" testListId="8c84fa94-04c1-424b-9868-57a2d4851a1d" relativeResultsDirectory="296cdef0-52ff-46b9-8399-e02286bce26f">
    </UnitTestResult>
    <UnitTestResult executionId="bd0714a8-88f3-43a3-b324-0f342804c7a0" testId="1acc6b33-f779-6df0-2e4a-092a2d3a7630" testName="should_return_4A0B_when_all_number_exactly_match_answer" computerName="PWC-DEV-85" duration="00:00:00.0003414" startTime="2012-04-30T11:21:54.3181768+08:00" endTime="2012-04-30T11:21:54.3181768+08:00" testType="13cdc9d9-ddb5-4fa4-a97d-d965ccfc6d4b" outcome="Passed" testListId="8c84fa94-04c1-424b-9868-57a2d4851a1d" relativeResultsDirectory="bd0714a8-88f3-43a3-b324-0f342804c7a0">
    </UnitTestResult>
  </Results>
</TestRun>