<?xml version="1.0" encoding="UTF-8"?>
<TestRun id="6b26f3f5-404e-4549-a75e-969e04b391c1" name="Administrator@PWC-DEV-85 2012-04-25 12:37:46" runUser="PWC-DEV-85\Administrator" xmlns="http://microsoft.com/schemas/VisualStudio/TeamTest/2010">
  <TestSettings name="Local" id="33277e71-772e-44de-a32b-71e400725fbf">
    <Description>These are default test settings for a local test run.</Description>
    <Deployment enabled="false" runDeploymentRoot="Administrator_PWC-DEV-85 2012-04-25 12_37_46" />
    <Execution>
      <TestTypeSpecific />
      <AgentRule name="Execution Agents">
      </AgentRule>
    </Execution>
  </TestSettings>
  <Times creation="2012-04-25T12:37:46.5287803+08:00" queuing="2012-04-25T12:37:46.9655811+08:00" start="2012-04-25T12:37:47.1683814+08:00" finish="2012-04-25T12:37:47.4023818+08:00" />
  <ResultSummary outcome="Completed">
    <Counters total="1" executed="1" passed="1" error="0" failed="0" timeout="0" aborted="0" inconclusive="0" passedButRunAborted="0" notRunnable="0" notExecuted="0" disconnected="0" warning="0" completed="0" inProgress="0" pending="0" />
  </ResultSummary>
  <TestDefinitions>
    <UnitTest name="should_return_0A0B_when_no_number_exactly_match_random_number_and_on_number_exits_in" storage="c:\workspace\mynumber\consoleapplication1\unittest\bin\debug\unittest.dll" id="36d9ef55-fff4-bf58-9445-9e60ff21adad">
      <Execution timeOut="1800000" id="5f50859e-e334-411a-959c-6b36e27cdadb" />
      <TestMethod codeBase="C:/Workspace/myNumber/ConsoleApplication1/UnitTest/bin/Debug/UnitTest.DLL" adapterTypeName="Microsoft.VisualStudio.TestTools.TestTypes.Unit.UnitTestAdapter, Microsoft.VisualStudio.QualityTools.Tips.UnitTest.Adapter, Version=10.0.0.0, Culture=neutral, PublicKeyToken=b03f5f7f11d50a3a" className="UnitTest.GuessNumberTest, UnitTest, Version=1.0.0.0, Culture=neutral, PublicKeyToken=null" name="should_return_0A0B_when_no_number_exactly_match_random_number_and_on_number_exits_in" />
    </UnitTest>
  </TestDefinitions>
  <TestLists>
    <TestList name="Results Not in a List" id="8c84fa94-04c1-424b-9868-57a2d4851a1d" />
    <TestList name="All Loaded Results" id="19431567-8539-422a-85d7-44ee4e166bda" />
  </TestLists>
  <TestEntries>
    <TestEntry testId="36d9ef55-fff4-bf58-9445-9e60ff21adad" executionId="5f50859e-e334-411a-959c-6b36e27cdadb" testListId="8c84fa94-04c1-424b-9868-57a2d4851a1d" />
  </TestEntries>
  <Results>
    <UnitTestResult executionId="5f50859e-e334-411a-959c-6b36e27cdadb" testId="36d9ef55-fff4-bf58-9445-9e60ff21adad" testName="should_return_0A0B_when_no_number_exactly_match_random_number_and_on_number_exits_in" computerName="PWC-DEV-85" duration="00:00:00.0151088" startTime="2012-04-25T12:37:47.2151815+08:00" endTime="2012-04-25T12:37:47.2931816+08:00" testType="13cdc9d9-ddb5-4fa4-a97d-d965ccfc6d4b" outcome="Passed" testListId="8c84fa94-04c1-424b-9868-57a2d4851a1d" relativeResultsDirectory="5f50859e-e334-411a-959c-6b36e27cdadb">
    </UnitTestResult>
  </Results>
</TestRun>