<?xml version="1.0" encoding="UTF-8"?>
<TestRun id="dc68b29c-7c44-4665-b03b-568ee587440d" name="Administrator@PWC-DEV-85 2012-04-18 13:09:59" runUser="PWC-DEV-85\Administrator" xmlns="http://microsoft.com/schemas/VisualStudio/TeamTest/2010">
  <TestSettings name="Local" id="33277e71-772e-44de-a32b-71e400725fbf">
    <Description>These are default test settings for a local test run.</Description>
    <Deployment enabled="false" runDeploymentRoot="Administrator_PWC-DEV-85 2012-04-18 13_09_59" />
    <Execution>
      <TestTypeSpecific />
      <AgentRule name="Execution Agents">
      </AgentRule>
    </Execution>
  </TestSettings>
  <Times creation="2012-04-18T13:09:59.7279828+08:00" queuing="2012-04-18T13:09:59.9499955+08:00" start="2012-04-18T13:10:00.0650021+08:00" finish="2012-04-18T13:10:00.2040100+08:00" />
  <ResultSummary outcome="Completed">
    <Counters total="3" executed="3" passed="3" error="0" failed="0" timeout="0" aborted="0" inconclusive="0" passedButRunAborted="0" notRunnable="0" notExecuted="0" disconnected="0" warning="0" completed="0" inProgress="0" pending="0" />
  </ResultSummary>
  <TestDefinitions>
    <UnitTest name="should_return_1A1B_when_one_number_exactly_match_and_one_number_exist_but_not_match_position" storage="c:\workspace\mynumber\consoleapplication1\unittest\bin\debug\unittest.dll" id="6980a8cd-4247-8199-62c8-b0ab6a275f1c">
      <Execution timeOut="1800000" id="51b05c4b-8866-492a-ba2a-001c4fd312ab" />
      <TestMethod codeBase="C:/Workspace/myNumber/ConsoleApplication1/UnitTest/bin/Debug/UnitTest.DLL" adapterTypeName="Microsoft.VisualStudio.TestTools.TestTypes.Unit.UnitTestAdapter, Microsoft.VisualStudio.QualityTools.Tips.UnitTest.Adapter, Version=10.0.0.0, Culture=neutral, PublicKeyToken=b03f5f7f11d50a3a" className="UnitTest.GuessNumberTest, UnitTest, Version=1.0.0.0, Culture=neutral, PublicKeyToken=null" name="should_return_1A1B_when_one_number_exactly_match_and_one_number_exist_but_not_match_position" />
    </UnitTest>
    <UnitTest name="should_return_1A0B_when_one_number_exactly_match" storage="c:\workspace\mynumber\consoleapplication1\unittest\bin\debug\unittest.dll" id="df4b9e72-e9bb-b722-2a34-7c7762d53cd9">
      <Execution timeOut="1800000" id="58affb75-0f02-40e6-b36c-b6602d8de5c3" />
      <TestMethod codeBase="C:/Workspace/myNumber/ConsoleApplication1/UnitTest/bin/Debug/UnitTest.DLL" adapterTypeName="Microsoft.VisualStudio.TestTools.TestTypes.Unit.UnitTestAdapter, Microsoft.VisualStudio.QualityTools.Tips.UnitTest.Adapter, Version=10.0.0.0, Culture=neutral, PublicKeyToken=b03f5f7f11d50a3a" className="UnitTest.GuessNumberTest, UnitTest, Version=1.0.0.0, Culture=neutral, PublicKeyToken=null" name="should_return_1A0B_when_one_number_exactly_match" />
    </UnitTest>
    <UnitTest name="should_return_0A0B_when_no_numbers_exactly_match" storage="c:\workspace\mynumber\consoleapplication1\unittest\bin\debug\unittest.dll" id="1ebe60f3-0ad4-2c2e-d888-99e55efc4a52">
      <Execution timeOut="1800000" id="a4ef2734-87c1-434e-bc77-7022b91301cc" />
      <TestMethod codeBase="C:/Workspace/myNumber/ConsoleApplication1/UnitTest/bin/Debug/UnitTest.DLL" adapterTypeName="Microsoft.VisualStudio.TestTools.TestTypes.Unit.UnitTestAdapter, Microsoft.VisualStudio.QualityTools.Tips.UnitTest.Adapter, Version=10.0.0.0, Culture=neutral, PublicKeyToken=b03f5f7f11d50a3a" className="UnitTest.GuessNumberTest, UnitTest, Version=1.0.0.0, Culture=neutral, PublicKeyToken=null" name="should_return_0A0B_when_no_numbers_exactly_match" />
    </UnitTest>
  </TestDefinitions>
  <TestLists>
    <TestList name="Results Not in a List" id="8c84fa94-04c1-424b-9868-57a2d4851a1d" />
    <TestList name="All Loaded Results" id="19431567-8539-422a-85d7-44ee4e166bda" />
  </TestLists>
  <TestEntries>
    <TestEntry testId="1ebe60f3-0ad4-2c2e-d888-99e55efc4a52" executionId="a4ef2734-87c1-434e-bc77-7022b91301cc" testListId="8c84fa94-04c1-424b-9868-57a2d4851a1d" />
    <TestEntry testId="df4b9e72-e9bb-b722-2a34-7c7762d53cd9" executionId="58affb75-0f02-40e6-b36c-b6602d8de5c3" testListId="8c84fa94-04c1-424b-9868-57a2d4851a1d" />
    <TestEntry testId="6980a8cd-4247-8199-62c8-b0ab6a275f1c" executionId="51b05c4b-8866-492a-ba2a-001c4fd312ab" testListId="8c84fa94-04c1-424b-9868-57a2d4851a1d" />
  </TestEntries>
  <Results>
    <UnitTestResult executionId="a4ef2734-87c1-434e-bc77-7022b91301cc" testId="1ebe60f3-0ad4-2c2e-d888-99e55efc4a52" testName="should_return_0A0B_when_no_numbers_exactly_match" computerName="PWC-DEV-85" duration="00:00:00.0106286" startTime="2012-04-18T13:10:00.0960039+08:00" endTime="2012-04-18T13:10:00.1470068+08:00" testType="13cdc9d9-ddb5-4fa4-a97d-d965ccfc6d4b" outcome="Passed" testListId="8c84fa94-04c1-424b-9868-57a2d4851a1d" relativeResultsDirectory="a4ef2734-87c1-434e-bc77-7022b91301cc">
    </UnitTestResult>
    <UnitTestResult executionId="58affb75-0f02-40e6-b36c-b6602d8de5c3" testId="df4b9e72-e9bb-b722-2a34-7c7762d53cd9" testName="should_return_1A0B_when_one_number_exactly_match" computerName="PWC-DEV-85" duration="00:00:00.0001454" startTime="2012-04-18T13:10:00.1480068+08:00" endTime="2012-04-18T13:10:00.1490069+08:00" testType="13cdc9d9-ddb5-4fa4-a97d-d965ccfc6d4b" outcome="Passed" testListId="8c84fa94-04c1-424b-9868-57a2d4851a1d" relativeResultsDirectory="58affb75-0f02-40e6-b36c-b6602d8de5c3">
    </UnitTestResult>
    <UnitTestResult executionId="51b05c4b-8866-492a-ba2a-001c4fd312ab" testId="6980a8cd-4247-8199-62c8-b0ab6a275f1c" testName="should_return_1A1B_when_one_number_exactly_match_and_one_number_exist_but_not_match_position" computerName="PWC-DEV-85" duration="00:00:00.0001325" startTime="2012-04-18T13:10:00.1490069+08:00" endTime="2012-04-18T13:10:00.1500069+08:00" testType="13cdc9d9-ddb5-4fa4-a97d-d965ccfc6d4b" outcome="Passed" testListId="8c84fa94-04c1-424b-9868-57a2d4851a1d" relativeResultsDirectory="51b05c4b-8866-492a-ba2a-001c4fd312ab">
    </UnitTestResult>
  </Results>
</TestRun>