<?xml version="1.0" encoding="UTF-8"?>
<TestRun id="6f445ef3-3d78-4fc6-ba06-25b057224c82" name="Administrator@PWC-DEV-85 2012-04-18 13:03:25" runUser="PWC-DEV-85\Administrator" xmlns="http://microsoft.com/schemas/VisualStudio/TeamTest/2010">
  <TestSettings name="Local" id="33277e71-772e-44de-a32b-71e400725fbf">
    <Description>These are default test settings for a local test run.</Description>
    <Deployment enabled="false" runDeploymentRoot="Administrator_PWC-DEV-85 2012-04-18 13_03_25" />
    <Execution>
      <TestTypeSpecific />
      <AgentRule name="Execution Agents">
      </AgentRule>
    </Execution>
  </TestSettings>
  <Times creation="2012-04-18T13:03:25.6254414+08:00" queuing="2012-04-18T13:03:25.8544545+08:00" start="2012-04-18T13:03:25.9914624+08:00" finish="2012-04-18T13:03:26.1334705+08:00" />
  <ResultSummary outcome="Completed">
    <Counters total="1" executed="1" passed="1" error="0" failed="0" timeout="0" aborted="0" inconclusive="0" passedButRunAborted="0" notRunnable="0" notExecuted="0" disconnected="0" warning="0" completed="0" inProgress="0" pending="0" />
  </ResultSummary>
  <TestDefinitions>
    <UnitTest name="Should_return_0A0B_when_no_numbers_match" storage="c:\workspace\mynumber\consoleapplication1\unittest\bin\debug\unittest.dll" id="f4ed97c4-6c24-6811-2f0e-e4b03a48b8e1">
      <Execution timeOut="1800000" id="ec69b81a-6d7f-477d-a445-fddc487fe99e" />
      <TestMethod codeBase="C:/Workspace/myNumber/ConsoleApplication1/UnitTest/bin/Debug/UnitTest.DLL" adapterTypeName="Microsoft.VisualStudio.TestTools.TestTypes.Unit.UnitTestAdapter, Microsoft.VisualStudio.QualityTools.Tips.UnitTest.Adapter, Version=10.0.0.0, Culture=neutral, PublicKeyToken=b03f5f7f11d50a3a" className="UnitTest.GuessNumberTest, UnitTest, Version=1.0.0.0, Culture=neutral, PublicKeyToken=null" name="Should_return_0A0B_when_no_numbers_match" />
    </UnitTest>
  </TestDefinitions>
  <TestLists>
    <TestList name="Results Not in a List" id="8c84fa94-04c1-424b-9868-57a2d4851a1d" />
    <TestList name="All Loaded Results" id="19431567-8539-422a-85d7-44ee4e166bda" />
  </TestLists>
  <TestEntries>
    <TestEntry testId="f4ed97c4-6c24-6811-2f0e-e4b03a48b8e1" executionId="ec69b81a-6d7f-477d-a445-fddc487fe99e" testListId="8c84fa94-04c1-424b-9868-57a2d4851a1d" />
  </TestEntries>
  <Results>
    <UnitTestResult executionId="ec69b81a-6d7f-477d-a445-fddc487fe99e" testId="f4ed97c4-6c24-6811-2f0e-e4b03a48b8e1" testName="Should_return_0A0B_when_no_numbers_match" computerName="PWC-DEV-85" duration="00:00:00.0100439" startTime="2012-04-18T13:03:26.0234642+08:00" endTime="2012-04-18T13:03:26.0774673+08:00" testType="13cdc9d9-ddb5-4fa4-a97d-d965ccfc6d4b" outcome="Passed" testListId="8c84fa94-04c1-424b-9868-57a2d4851a1d" relativeResultsDirectory="ec69b81a-6d7f-477d-a445-fddc487fe99e">
    </UnitTestResult>
  </Results>
</TestRun>