<?xml version="1.0" encoding="UTF-8"?>
<TestRun id="40b8d7d6-12aa-4407-97e3-3229a5c37d13" name="Administrator@PWC-DEV-85 2012-04-30 11:21:16" runUser="PWC-DEV-85\Administrator" xmlns="http://microsoft.com/schemas/VisualStudio/TeamTest/2010">
  <TestSettings name="Local" id="33277e71-772e-44de-a32b-71e400725fbf">
    <Description>These are default test settings for a local test run.</Description>
    <Deployment enabled="false" runDeploymentRoot="Administrator_PWC-DEV-85 2012-04-30 11_21_16" />
    <Execution>
      <TestTypeSpecific />
      <AgentRule name="Execution Agents">
      </AgentRule>
    </Execution>
  </TestSettings>
  <Times creation="2012-04-30T11:21:16.2508985+08:00" queuing="2012-04-30T11:21:17.2493003+08:00" start="2012-04-30T11:21:17.7485012+08:00" finish="2012-04-30T11:21:18.1697019+08:00" />
  <ResultSummary outcome="Completed">
    <Counters total="4" executed="4" passed="4" error="0" failed="0" timeout="0" aborted="0" inconclusive="0" passedButRunAborted="0" notRunnable="0" notExecuted="0" disconnected="0" warning="0" completed="0" inProgress="0" pending="0" />
  </ResultSummary>
  <TestDefinitions>
    <UnitTest name="should_return_3A1B_when_three_number_exactly_match__answer_and_one_exit" storage="c:\workspace\mynumber\consoleapplication1\unittest\bin\debug\unittest.dll" id="8a5af9cc-b0ef-fada-e56a-d8c2c4254c0e">
      <Execution timeOut="1800000" id="b4d60943-9fc7-4bcb-bc92-f91c85ae36c1" />
      <TestMethod codeBase="C:/Workspace/myNumber/ConsoleApplication1/UnitTest/bin/Debug/UnitTest.DLL" adapterTypeName="Microsoft.VisualStudio.TestTools.TestTypes.Unit.UnitTestAdapter, Microsoft.VisualStudio.QualityTools.Tips.UnitTest.Adapter, Version=10.0.0.0, Culture=neutral, PublicKeyToken=b03f5f7f11d50a3a" className="UnitTest.GuessNumberTest, UnitTest, Version=1.0.0.0, Culture=neutral, PublicKeyToken=null" name="should_return_3A1B_when_three_number_exactly_match__answer_and_one_exit" />
    </UnitTest>
    <UnitTest name="should_return_4A0B_when_all_number_exactly_match_answer" storage="c:\workspace\mynumber\consoleapplication1\unittest\bin\debug\unittest.dll" id="1acc6b33-f779-6df0-2e4a-092a2d3a7630">
      <Execution timeOut="1800000" id="f448f227-15e6-42b5-ac03-ea4fe09de036" />
      <TestMethod codeBase="C:/Workspace/myNumber/ConsoleApplication1/UnitTest/bin/Debug/UnitTest.DLL" adapterTypeName="Microsoft.VisualStudio.TestTools.TestTypes.Unit.UnitTestAdapter, Microsoft.VisualStudio.QualityTools.Tips.UnitTest.Adapter, Version=10.0.0.0, Culture=neutral, PublicKeyToken=b03f5f7f11d50a3a" className="UnitTest.GuessNumberTest, UnitTest, Version=1.0.0.0, Culture=neutral, PublicKeyToken=null" name="should_return_4A0B_when_all_number_exactly_match_answer" />
    </UnitTest>
    <UnitTest name="should_return_0A0B_when_no_number_exactly_match_answer_and_on_number_exits_in" storage="c:\workspace\mynumber\consoleapplication1\unittest\bin\debug\unittest.dll" id="a7622094-c79a-ba09-7434-3c6feab662a5">
      <Execution timeOut="1800000" id="d96e36e3-2210-4a82-a9ba-e8578818e985" />
      <TestMethod codeBase="C:/Workspace/myNumber/ConsoleApplication1/UnitTest/bin/Debug/UnitTest.DLL" adapterTypeName="Microsoft.VisualStudio.TestTools.TestTypes.Unit.UnitTestAdapter, Microsoft.VisualStudio.QualityTools.Tips.UnitTest.Adapter, Version=10.0.0.0, Culture=neutral, PublicKeyToken=b03f5f7f11d50a3a" className="UnitTest.GuessNumberTest, UnitTest, Version=1.0.0.0, Culture=neutral, PublicKeyToken=null" name="should_return_0A0B_when_no_number_exactly_match_answer_and_on_number_exits_in" />
    </UnitTest>
    <UnitTest name="should_return_3A0B_when_three_numbers_exactly_match_in_answer" storage="c:\workspace\mynumber\consoleapplication1\unittest\bin\debug\unittest.dll" id="bb005f96-e565-be8a-36f6-cff0f398fd01">
      <Execution timeOut="1800000" id="fc71a9ef-b3b6-483a-b243-e5a3e6d5652e" />
      <TestMethod codeBase="C:/Workspace/myNumber/ConsoleApplication1/UnitTest/bin/Debug/UnitTest.DLL" adapterTypeName="Microsoft.VisualStudio.TestTools.TestTypes.Unit.UnitTestAdapter, Microsoft.VisualStudio.QualityTools.Tips.UnitTest.Adapter, Version=10.0.0.0, Culture=neutral, PublicKeyToken=b03f5f7f11d50a3a" className="UnitTest.GuessNumberTest, UnitTest, Version=1.0.0.0, Culture=neutral, PublicKeyToken=null" name="should_return_3A0B_when_three_numbers_exactly_match_in_answer" />
    </UnitTest>
  </TestDefinitions>
  <TestLists>
    <TestList name="Results Not in a List" id="8c84fa94-04c1-424b-9868-57a2d4851a1d" />
    <TestList name="All Loaded Results" id="19431567-8539-422a-85d7-44ee4e166bda" />
  </TestLists>
  <TestEntries>
    <TestEntry testId="a7622094-c79a-ba09-7434-3c6feab662a5" executionId="d96e36e3-2210-4a82-a9ba-e8578818e985" testListId="8c84fa94-04c1-424b-9868-57a2d4851a1d" />
    <TestEntry testId="bb005f96-e565-be8a-36f6-cff0f398fd01" executionId="fc71a9ef-b3b6-483a-b243-e5a3e6d5652e" testListId="8c84fa94-04c1-424b-9868-57a2d4851a1d" />
    <TestEntry testId="8a5af9cc-b0ef-fada-e56a-d8c2c4254c0e" executionId="b4d60943-9fc7-4bcb-bc92-f91c85ae36c1" testListId="8c84fa94-04c1-424b-9868-57a2d4851a1d" />
    <TestEntry testId="1acc6b33-f779-6df0-2e4a-092a2d3a7630" executionId="f448f227-15e6-42b5-ac03-ea4fe09de036" testListId="8c84fa94-04c1-424b-9868-57a2d4851a1d" />
  </TestEntries>
  <Results>
    <UnitTestResult executionId="d96e36e3-2210-4a82-a9ba-e8578818e985" testId="a7622094-c79a-ba09-7434-3c6feab662a5" testName="should_return_0A0B_when_no_number_exactly_match_answer_and_on_number_exits_in" computerName="PWC-DEV-85" duration="00:00:00.0224666" startTime="2012-04-30T11:21:17.9357015+08:00" endTime="2012-04-30T11:21:18.0449017+08:00" testType="13cdc9d9-ddb5-4fa4-a97d-d965ccfc6d4b" outcome="Passed" testListId="8c84fa94-04c1-424b-9868-57a2d4851a1d" relativeResultsDirectory="d96e36e3-2210-4a82-a9ba-e8578818e985">
    </UnitTestResult>
    <UnitTestResult executionId="fc71a9ef-b3b6-483a-b243-e5a3e6d5652e" testId="bb005f96-e565-be8a-36f6-cff0f398fd01" testName="should_return_3A0B_when_three_numbers_exactly_match_in_answer" computerName="PWC-DEV-85" duration="00:00:00.0004147" startTime="2012-04-30T11:21:18.0605017+08:00" endTime="2012-04-30T11:21:18.0605017+08:00" testType="13cdc9d9-ddb5-4fa4-a97d-d965ccfc6d4b" outcome="Passed" testListId="8c84fa94-04c1-424b-9868-57a2d4851a1d" relativeResultsDirectory="fc71a9ef-b3b6-483a-b243-e5a3e6d5652e">
    </UnitTestResult>
    <UnitTestResult executionId="b4d60943-9fc7-4bcb-bc92-f91c85ae36c1" testId="8a5af9cc-b0ef-fada-e56a-d8c2c4254c0e" testName="should_return_3A1B_when_three_number_exactly_match__answer_and_one_exit" computerName="PWC-DEV-85" duration="00:00:00.0003767" startTime="2012-04-30T11:21:18.0605017+08:00" endTime="2012-04-30T11:21:18.0605017+08:00" testType="13cdc9d9-ddb5-4fa4-a97d-d965ccfc6d4b" outcome="Passed" testListId="8c84fa94-04c1-424b-9868-57a2d4851a1d" relativeResultsDirectory="b4d60943-9fc7-4bcb-bc92-f91c85ae36c1">
    </UnitTestResult>
    <UnitTestResult executionId="f448f227-15e6-42b5-ac03-ea4fe09de036" testId="1acc6b33-f779-6df0-2e4a-092a2d3a7630" testName="should_return_4A0B_when_all_number_exactly_match_answer" computerName="PWC-DEV-85" duration="00:00:00.0003842" startTime="2012-04-30T11:21:18.0605017+08:00" endTime="2012-04-30T11:21:18.0605017+08:00" testType="13cdc9d9-ddb5-4fa4-a97d-d965ccfc6d4b" outcome="Passed" testListId="8c84fa94-04c1-424b-9868-57a2d4851a1d" relativeResultsDirectory="f448f227-15e6-42b5-ac03-ea4fe09de036">
    </UnitTestResult>
  </Results>
</TestRun>