<?xml version="1.0" encoding="UTF-8"?>
<TestRun id="41b5ebc6-2460-4492-ad2c-1b94ffb55bcd" name="Administrator@PWC-DEV-85 2012-04-25 12:36:10" runUser="PWC-DEV-85\Administrator" xmlns="http://microsoft.com/schemas/VisualStudio/TeamTest/2010">
  <TestSettings name="Local" id="33277e71-772e-44de-a32b-71e400725fbf">
    <Description>These are default test settings for a local test run.</Description>
    <Deployment enabled="false" runDeploymentRoot="Administrator_PWC-DEV-85 2012-04-25 12_36_10" />
    <Execution>
      <TestTypeSpecific />
      <AgentRule name="Execution Agents">
      </AgentRule>
    </Execution>
  </TestSettings>
  <Times creation="2012-04-25T12:36:10.4121245+08:00" queuing="2012-04-25T12:36:10.8489252+08:00" start="2012-04-25T12:36:11.0361256+08:00" finish="2012-04-25T12:36:11.2233259+08:00" />
  <ResultSummary outcome="Completed">
    <Counters total="3" executed="3" passed="3" error="0" failed="0" timeout="0" aborted="0" inconclusive="0" passedButRunAborted="0" notRunnable="0" notExecuted="0" disconnected="0" warning="0" completed="0" inProgress="0" pending="0" />
  </ResultSummary>
  <TestDefinitions>
    <UnitTest name="should_return_3A0B_when_three_numbers_exactly_match_in_random_number" storage="c:\workspace\mynumber\consoleapplication1\unittest\bin\debug\unittest.dll" id="13c751b7-b029-8374-283c-377598f0b01b">
      <Execution timeOut="1800000" id="5ff71d1c-183b-4114-bcc9-09244788990f" />
      <TestMethod codeBase="C:/Workspace/myNumber/ConsoleApplication1/UnitTest/bin/Debug/UnitTest.DLL" adapterTypeName="Microsoft.VisualStudio.TestTools.TestTypes.Unit.UnitTestAdapter, Microsoft.VisualStudio.QualityTools.Tips.UnitTest.Adapter, Version=10.0.0.0, Culture=neutral, PublicKeyToken=b03f5f7f11d50a3a" className="UnitTest.GuessNumberTest, UnitTest, Version=1.0.0.0, Culture=neutral, PublicKeyToken=null" name="should_return_3A0B_when_three_numbers_exactly_match_in_random_number" />
    </UnitTest>
    <UnitTest name="should_return_4A0B_when_all_number_exactly_match_random_number" storage="c:\workspace\mynumber\consoleapplication1\unittest\bin\debug\unittest.dll" id="4d1da9c0-c610-9514-4545-a1634804c36d">
      <Execution timeOut="1800000" id="dceb7815-9ed7-4cac-899b-6f4e90c0e738" />
      <TestMethod codeBase="C:/Workspace/myNumber/ConsoleApplication1/UnitTest/bin/Debug/UnitTest.DLL" adapterTypeName="Microsoft.VisualStudio.TestTools.TestTypes.Unit.UnitTestAdapter, Microsoft.VisualStudio.QualityTools.Tips.UnitTest.Adapter, Version=10.0.0.0, Culture=neutral, PublicKeyToken=b03f5f7f11d50a3a" className="UnitTest.GuessNumberTest, UnitTest, Version=1.0.0.0, Culture=neutral, PublicKeyToken=null" name="should_return_4A0B_when_all_number_exactly_match_random_number" />
    </UnitTest>
    <UnitTest name="should_return_3A1B_when_three_number_exactly_match__random_number_and_one_exit" storage="c:\workspace\mynumber\consoleapplication1\unittest\bin\debug\unittest.dll" id="c225082c-db83-6a33-b3e1-268043dc4947">
      <Execution timeOut="1800000" id="458e236e-d26d-448a-9e5d-c4f3a43d4759" />
      <TestMethod codeBase="C:/Workspace/myNumber/ConsoleApplication1/UnitTest/bin/Debug/UnitTest.DLL" adapterTypeName="Microsoft.VisualStudio.TestTools.TestTypes.Unit.UnitTestAdapter, Microsoft.VisualStudio.QualityTools.Tips.UnitTest.Adapter, Version=10.0.0.0, Culture=neutral, PublicKeyToken=b03f5f7f11d50a3a" className="UnitTest.GuessNumberTest, UnitTest, Version=1.0.0.0, Culture=neutral, PublicKeyToken=null" name="should_return_3A1B_when_three_number_exactly_match__random_number_and_one_exit" />
    </UnitTest>
  </TestDefinitions>
  <TestLists>
    <TestList name="Results Not in a List" id="8c84fa94-04c1-424b-9868-57a2d4851a1d" />
    <TestList name="All Loaded Results" id="19431567-8539-422a-85d7-44ee4e166bda" />
  </TestLists>
  <TestEntries>
    <TestEntry testId="13c751b7-b029-8374-283c-377598f0b01b" executionId="5ff71d1c-183b-4114-bcc9-09244788990f" testListId="8c84fa94-04c1-424b-9868-57a2d4851a1d" />
    <TestEntry testId="c225082c-db83-6a33-b3e1-268043dc4947" executionId="458e236e-d26d-448a-9e5d-c4f3a43d4759" testListId="8c84fa94-04c1-424b-9868-57a2d4851a1d" />
    <TestEntry testId="4d1da9c0-c610-9514-4545-a1634804c36d" executionId="dceb7815-9ed7-4cac-899b-6f4e90c0e738" testListId="8c84fa94-04c1-424b-9868-57a2d4851a1d" />
  </TestEntries>
  <Results>
    <UnitTestResult executionId="5ff71d1c-183b-4114-bcc9-09244788990f" testId="13c751b7-b029-8374-283c-377598f0b01b" testName="should_return_3A0B_when_three_numbers_exactly_match_in_random_number" computerName="PWC-DEV-85" duration="00:00:00.0135938" startTime="2012-04-25T12:36:11.0673256+08:00" endTime="2012-04-25T12:36:11.1453258+08:00" testType="13cdc9d9-ddb5-4fa4-a97d-d965ccfc6d4b" outcome="Passed" testListId="8c84fa94-04c1-424b-9868-57a2d4851a1d" relativeResultsDirectory="5ff71d1c-183b-4114-bcc9-09244788990f">
    </UnitTestResult>
    <UnitTestResult executionId="458e236e-d26d-448a-9e5d-c4f3a43d4759" testId="c225082c-db83-6a33-b3e1-268043dc4947" testName="should_return_3A1B_when_three_number_exactly_match__random_number_and_one_exit" computerName="PWC-DEV-85" duration="00:00:00.0002031" startTime="2012-04-25T12:36:11.1453258+08:00" endTime="2012-04-25T12:36:11.1453258+08:00" testType="13cdc9d9-ddb5-4fa4-a97d-d965ccfc6d4b" outcome="Passed" testListId="8c84fa94-04c1-424b-9868-57a2d4851a1d" relativeResultsDirectory="458e236e-d26d-448a-9e5d-c4f3a43d4759">
    </UnitTestResult>
    <UnitTestResult executionId="dceb7815-9ed7-4cac-899b-6f4e90c0e738" testId="4d1da9c0-c610-9514-4545-a1634804c36d" testName="should_return_4A0B_when_all_number_exactly_match_random_number" computerName="PWC-DEV-85" duration="00:00:00.0001868" startTime="2012-04-25T12:36:11.1453258+08:00" endTime="2012-04-25T12:36:11.1453258+08:00" testType="13cdc9d9-ddb5-4fa4-a97d-d965ccfc6d4b" outcome="Passed" testListId="8c84fa94-04c1-424b-9868-57a2d4851a1d" relativeResultsDirectory="dceb7815-9ed7-4cac-899b-6f4e90c0e738">
    </UnitTestResult>
  </Results>
</TestRun>