<?xml version="1.0" encoding="UTF-8"?>
<TestRun id="1a7b99bb-026a-4b1a-a975-244f754e1c71" name="Administrator@PWC-DEV-85 2012-04-18 13:05:21" runUser="PWC-DEV-85\Administrator" xmlns="http://microsoft.com/schemas/VisualStudio/TeamTest/2010">
  <TestSettings name="Local" id="33277e71-772e-44de-a32b-71e400725fbf">
    <Description>These are default test settings for a local test run.</Description>
    <Deployment enabled="false" runDeploymentRoot="Administrator_PWC-DEV-85 2012-04-18 13_05_21" />
    <Execution>
      <TestTypeSpecific />
      <AgentRule name="Execution Agents">
      </AgentRule>
    </Execution>
  </TestSettings>
  <Times creation="2012-04-18T13:05:21.1140470+08:00" queuing="2012-04-18T13:05:21.3910628+08:00" start="2012-04-18T13:05:21.5680730+08:00" finish="2012-04-18T13:05:21.7660843+08:00" />
  <ResultSummary outcome="Failed">
    <Counters total="1" executed="1" error="0" failed="1" timeout="0" aborted="0" inconclusive="0" passedButRunAborted="0" notRunnable="0" notExecuted="0" disconnected="0" warning="0" passed="0" completed="0" inProgress="0" pending="0" />
  </ResultSummary>
  <TestDefinitions>
    <UnitTest name="should_return_1A0B_when_one_number_match" storage="c:\workspace\mynumber\consoleapplication1\unittest\bin\debug\unittest.dll" id="e67bb098-8b1f-388f-d739-32f16e4874e5">
      <Execution timeOut="1800000" id="92546014-14b6-4e0f-9648-7bda90b4f815" />
      <TestMethod codeBase="C:/Workspace/myNumber/ConsoleApplication1/UnitTest/bin/Debug/UnitTest.DLL" adapterTypeName="Microsoft.VisualStudio.TestTools.TestTypes.Unit.UnitTestAdapter, Microsoft.VisualStudio.QualityTools.Tips.UnitTest.Adapter, Version=10.0.0.0, Culture=neutral, PublicKeyToken=b03f5f7f11d50a3a" className="UnitTest.GuessNumberTest, UnitTest, Version=1.0.0.0, Culture=neutral, PublicKeyToken=null" name="should_return_1A0B_when_one_number_match" />
    </UnitTest>
  </TestDefinitions>
  <TestLists>
    <TestList name="Results Not in a List" id="8c84fa94-04c1-424b-9868-57a2d4851a1d" />
    <TestList name="All Loaded Results" id="19431567-8539-422a-85d7-44ee4e166bda" />
  </TestLists>
  <TestEntries>
    <TestEntry testId="e67bb098-8b1f-388f-d739-32f16e4874e5" executionId="92546014-14b6-4e0f-9648-7bda90b4f815" testListId="8c84fa94-04c1-424b-9868-57a2d4851a1d" />
  </TestEntries>
  <Results>
    <UnitTestResult executionId="92546014-14b6-4e0f-9648-7bda90b4f815" testId="e67bb098-8b1f-388f-d739-32f16e4874e5" testName="should_return_1A0B_when_one_number_match" computerName="PWC-DEV-85" duration="00:00:00.0365769" startTime="2012-04-18T13:05:21.6090753+08:00" endTime="2012-04-18T13:05:21.6970803+08:00" testType="13cdc9d9-ddb5-4fa4-a97d-d965ccfc6d4b" outcome="Failed" testListId="8c84fa94-04c1-424b-9868-57a2d4851a1d" relativeResultsDirectory="92546014-14b6-4e0f-9648-7bda90b4f815">
      <Output>
        <ErrorInfo>
          <Message>Assert.AreEqual failed. Expected:&lt;1A0B&gt;. Actual:&lt;0A0B&gt;. </Message>
          <StackTrace>   at UnitTest.GuessNumberTest.should_return_1A0B_when_one_number_match() in C:\Workspace\myNumber\ConsoleApplication1\UnitTest\GuessNumberTest.cs:line 22
</StackTrace>
        </ErrorInfo>
      </Output>
    </UnitTestResult>
  </Results>
</TestRun>