<?xml version="1.0" encoding="UTF-8"?>
<TestRun id="adfbdf21-ed51-44fb-b97c-5750453132bb" name="Administrator@PWC-DEV-85 2012-04-18 13:08:26" runUser="PWC-DEV-85\Administrator" xmlns="http://microsoft.com/schemas/VisualStudio/TeamTest/2010">
  <TestSettings name="Local" id="33277e71-772e-44de-a32b-71e400725fbf">
    <Description>These are default test settings for a local test run.</Description>
    <Deployment enabled="false" runDeploymentRoot="Administrator_PWC-DEV-85 2012-04-18 13_08_26" />
    <Execution>
      <TestTypeSpecific />
      <AgentRule name="Execution Agents">
      </AgentRule>
    </Execution>
  </TestSettings>
  <Times creation="2012-04-18T13:08:26.7536650+08:00" queuing="2012-04-18T13:08:27.0156800+08:00" start="2012-04-18T13:08:27.1596882+08:00" finish="2012-04-18T13:08:27.3797008+08:00" />
  <ResultSummary outcome="Failed">
    <Counters total="1" executed="1" error="0" failed="1" timeout="0" aborted="0" inconclusive="0" passedButRunAborted="0" notRunnable="0" notExecuted="0" disconnected="0" warning="0" passed="0" completed="0" inProgress="0" pending="0" />
  </ResultSummary>
  <TestDefinitions>
    <UnitTest name="should_return_1A1B_when_one_number_exactly_match_and_one_number_exist_but_not_match_position" storage="c:\workspace\mynumber\consoleapplication1\unittest\bin\debug\unittest.dll" id="6980a8cd-4247-8199-62c8-b0ab6a275f1c">
      <Execution timeOut="1800000" id="7371dee7-b086-42ee-925a-c8c05526f6e0" />
      <TestMethod codeBase="C:/Workspace/myNumber/ConsoleApplication1/UnitTest/bin/Debug/UnitTest.DLL" adapterTypeName="Microsoft.VisualStudio.TestTools.TestTypes.Unit.UnitTestAdapter, Microsoft.VisualStudio.QualityTools.Tips.UnitTest.Adapter, Version=10.0.0.0, Culture=neutral, PublicKeyToken=b03f5f7f11d50a3a" className="UnitTest.GuessNumberTest, UnitTest, Version=1.0.0.0, Culture=neutral, PublicKeyToken=null" name="should_return_1A1B_when_one_number_exactly_match_and_one_number_exist_but_not_match_position" />
    </UnitTest>
  </TestDefinitions>
  <TestLists>
    <TestList name="Results Not in a List" id="8c84fa94-04c1-424b-9868-57a2d4851a1d" />
    <TestList name="All Loaded Results" id="19431567-8539-422a-85d7-44ee4e166bda" />
  </TestLists>
  <TestEntries>
    <TestEntry testId="6980a8cd-4247-8199-62c8-b0ab6a275f1c" executionId="7371dee7-b086-42ee-925a-c8c05526f6e0" testListId="8c84fa94-04c1-424b-9868-57a2d4851a1d" />
  </TestEntries>
  <Results>
    <UnitTestResult executionId="7371dee7-b086-42ee-925a-c8c05526f6e0" testId="6980a8cd-4247-8199-62c8-b0ab6a275f1c" testName="should_return_1A1B_when_one_number_exactly_match_and_one_number_exist_but_not_match_position" computerName="PWC-DEV-85" duration="00:00:00.0390186" startTime="2012-04-18T13:08:27.1976904+08:00" endTime="2012-04-18T13:08:27.2926958+08:00" testType="13cdc9d9-ddb5-4fa4-a97d-d965ccfc6d4b" outcome="Failed" testListId="8c84fa94-04c1-424b-9868-57a2d4851a1d" relativeResultsDirectory="7371dee7-b086-42ee-925a-c8c05526f6e0">
      <Output>
        <ErrorInfo>
          <Message>Assert.AreEqual failed. Expected:&lt;1A1B&gt;. Actual:&lt;1A0B&gt;. </Message>
          <StackTrace>   at UnitTest.GuessNumberTest.should_return_1A1B_when_one_number_exactly_match_and_one_number_exist_but_not_match_position() in C:\Workspace\myNumber\ConsoleApplication1\UnitTest\GuessNumberTest.cs:line 31
</StackTrace>
        </ErrorInfo>
      </Output>
    </UnitTestResult>
  </Results>
</TestRun>