<?xml version="1.0" encoding="UTF-8"?>
<TestRun id="87efba57-b3ab-47df-bc38-aa95bad59e4d" name="Administrator@PWC-DEV-85 2012-04-25 12:26:27" runUser="PWC-DEV-85\Administrator" xmlns="http://microsoft.com/schemas/VisualStudio/TeamTest/2010">
  <TestSettings name="Local" id="33277e71-772e-44de-a32b-71e400725fbf">
    <Description>These are default test settings for a local test run.</Description>
    <Deployment enabled="false" runDeploymentRoot="Administrator_PWC-DEV-85 2012-04-25 12_26_27" />
    <Execution>
      <TestTypeSpecific />
      <AgentRule name="Execution Agents">
      </AgentRule>
    </Execution>
  </TestSettings>
  <Times creation="2012-04-25T12:26:27.7606520+08:00" queuing="2012-04-25T12:26:28.1506527+08:00" start="2012-04-25T12:26:28.3690531+08:00" finish="2012-04-25T12:26:28.5718534+08:00" />
  <ResultSummary outcome="Completed">
    <Counters total="2" executed="2" passed="2" error="0" failed="0" timeout="0" aborted="0" inconclusive="0" passedButRunAborted="0" notRunnable="0" notExecuted="0" disconnected="0" warning="0" completed="0" inProgress="0" pending="0" />
  </ResultSummary>
  <TestDefinitions>
    <UnitTest name="should_return_4A0B_when_all_number_exactly_match_random_number" storage="c:\workspace\mynumber\consoleapplication1\unittest\bin\debug\unittest.dll" id="4d1da9c0-c610-9514-4545-a1634804c36d">
      <Execution timeOut="1800000" id="40a393a7-006a-4be2-8635-27d783e3b6d0" />
      <TestMethod codeBase="C:/Workspace/myNumber/ConsoleApplication1/UnitTest/bin/Debug/UnitTest.DLL" adapterTypeName="Microsoft.VisualStudio.TestTools.TestTypes.Unit.UnitTestAdapter, Microsoft.VisualStudio.QualityTools.Tips.UnitTest.Adapter, Version=10.0.0.0, Culture=neutral, PublicKeyToken=b03f5f7f11d50a3a" className="UnitTest.GuessNumberTest, UnitTest, Version=1.0.0.0, Culture=neutral, PublicKeyToken=null" name="should_return_4A0B_when_all_number_exactly_match_random_number" />
    </UnitTest>
    <UnitTest name="should_return_3A0B_when_three_numbers_exactly_match_in_random_number" storage="c:\workspace\mynumber\consoleapplication1\unittest\bin\debug\unittest.dll" id="13c751b7-b029-8374-283c-377598f0b01b">
      <Execution timeOut="1800000" id="e787b738-f09e-4549-97ff-979f688dedb8" />
      <TestMethod codeBase="C:/Workspace/myNumber/ConsoleApplication1/UnitTest/bin/Debug/UnitTest.DLL" adapterTypeName="Microsoft.VisualStudio.TestTools.TestTypes.Unit.UnitTestAdapter, Microsoft.VisualStudio.QualityTools.Tips.UnitTest.Adapter, Version=10.0.0.0, Culture=neutral, PublicKeyToken=b03f5f7f11d50a3a" className="UnitTest.GuessNumberTest, UnitTest, Version=1.0.0.0, Culture=neutral, PublicKeyToken=null" name="should_return_3A0B_when_three_numbers_exactly_match_in_random_number" />
    </UnitTest>
  </TestDefinitions>
  <TestLists>
    <TestList name="Results Not in a List" id="8c84fa94-04c1-424b-9868-57a2d4851a1d" />
    <TestList name="All Loaded Results" id="19431567-8539-422a-85d7-44ee4e166bda" />
  </TestLists>
  <TestEntries>
    <TestEntry testId="13c751b7-b029-8374-283c-377598f0b01b" executionId="e787b738-f09e-4549-97ff-979f688dedb8" testListId="8c84fa94-04c1-424b-9868-57a2d4851a1d" />
    <TestEntry testId="4d1da9c0-c610-9514-4545-a1634804c36d" executionId="40a393a7-006a-4be2-8635-27d783e3b6d0" testListId="8c84fa94-04c1-424b-9868-57a2d4851a1d" />
  </TestEntries>
  <Results>
    <UnitTestResult executionId="e787b738-f09e-4549-97ff-979f688dedb8" testId="13c751b7-b029-8374-283c-377598f0b01b" testName="should_return_3A0B_when_three_numbers_exactly_match_in_random_number" computerName="PWC-DEV-85" duration="00:00:00.0146627" startTime="2012-04-25T12:26:28.4158532+08:00" endTime="2012-04-25T12:26:28.4938533+08:00" testType="13cdc9d9-ddb5-4fa4-a97d-d965ccfc6d4b" outcome="Passed" testListId="8c84fa94-04c1-424b-9868-57a2d4851a1d" relativeResultsDirectory="e787b738-f09e-4549-97ff-979f688dedb8">
    </UnitTestResult>
    <UnitTestResult executionId="40a393a7-006a-4be2-8635-27d783e3b6d0" testId="4d1da9c0-c610-9514-4545-a1634804c36d" testName="should_return_4A0B_when_all_number_exactly_match_random_number" computerName="PWC-DEV-85" duration="00:00:00.0002173" startTime="2012-04-25T12:26:28.4938533+08:00" endTime="2012-04-25T12:26:28.4938533+08:00" testType="13cdc9d9-ddb5-4fa4-a97d-d965ccfc6d4b" outcome="Passed" testListId="8c84fa94-04c1-424b-9868-57a2d4851a1d" relativeResultsDirectory="40a393a7-006a-4be2-8635-27d783e3b6d0">
    </UnitTestResult>
  </Results>
</TestRun>