<?xml version="1.0" encoding="UTF-8"?>
<TestRun id="f7756cfd-5a8e-445c-8bbc-8e1f9ce2f593" name="Administrator@PWC-DEV-85 2012-04-18 13:06:29" runUser="PWC-DEV-85\Administrator" xmlns="http://microsoft.com/schemas/VisualStudio/TeamTest/2010">
  <TestSettings name="Local" id="33277e71-772e-44de-a32b-71e400725fbf">
    <Description>These are default test settings for a local test run.</Description>
    <Deployment enabled="false" runDeploymentRoot="Administrator_PWC-DEV-85 2012-04-18 13_06_29" />
    <Execution>
      <TestTypeSpecific />
      <AgentRule name="Execution Agents">
      </AgentRule>
    </Execution>
  </TestSettings>
  <Times creation="2012-04-18T13:06:29.2109419+08:00" queuing="2012-04-18T13:06:29.6239655+08:00" start="2012-04-18T13:06:29.8289773+08:00" finish="2012-04-18T13:06:30.0529901+08:00" />
  <ResultSummary outcome="Completed">
    <Counters total="2" executed="2" passed="2" error="0" failed="0" timeout="0" aborted="0" inconclusive="0" passedButRunAborted="0" notRunnable="0" notExecuted="0" disconnected="0" warning="0" completed="0" inProgress="0" pending="0" />
  </ResultSummary>
  <TestDefinitions>
    <UnitTest name="Should_return_0A0B_when_no_numbers_match" storage="c:\workspace\mynumber\consoleapplication1\unittest\bin\debug\unittest.dll" id="f4ed97c4-6c24-6811-2f0e-e4b03a48b8e1">
      <Execution timeOut="1800000" id="a9272050-eea0-43f9-88b3-13abd3b4e8c2" />
      <TestMethod codeBase="C:/Workspace/myNumber/ConsoleApplication1/UnitTest/bin/Debug/UnitTest.DLL" adapterTypeName="Microsoft.VisualStudio.TestTools.TestTypes.Unit.UnitTestAdapter, Microsoft.VisualStudio.QualityTools.Tips.UnitTest.Adapter, Version=10.0.0.0, Culture=neutral, PublicKeyToken=b03f5f7f11d50a3a" className="UnitTest.GuessNumberTest, UnitTest, Version=1.0.0.0, Culture=neutral, PublicKeyToken=null" name="Should_return_0A0B_when_no_numbers_match" />
    </UnitTest>
    <UnitTest name="should_return_1A0B_when_one_number_match" storage="c:\workspace\mynumber\consoleapplication1\unittest\bin\debug\unittest.dll" id="e67bb098-8b1f-388f-d739-32f16e4874e5">
      <Execution timeOut="1800000" id="3feb1166-f664-474e-9e86-5e3fd10ab3c2" />
      <TestMethod codeBase="C:/Workspace/myNumber/ConsoleApplication1/UnitTest/bin/Debug/UnitTest.DLL" adapterTypeName="Microsoft.VisualStudio.TestTools.TestTypes.Unit.UnitTestAdapter, Microsoft.VisualStudio.QualityTools.Tips.UnitTest.Adapter, Version=10.0.0.0, Culture=neutral, PublicKeyToken=b03f5f7f11d50a3a" className="UnitTest.GuessNumberTest, UnitTest, Version=1.0.0.0, Culture=neutral, PublicKeyToken=null" name="should_return_1A0B_when_one_number_match" />
    </UnitTest>
  </TestDefinitions>
  <TestLists>
    <TestList name="Results Not in a List" id="8c84fa94-04c1-424b-9868-57a2d4851a1d" />
    <TestList name="All Loaded Results" id="19431567-8539-422a-85d7-44ee4e166bda" />
  </TestLists>
  <TestEntries>
    <TestEntry testId="f4ed97c4-6c24-6811-2f0e-e4b03a48b8e1" executionId="a9272050-eea0-43f9-88b3-13abd3b4e8c2" testListId="8c84fa94-04c1-424b-9868-57a2d4851a1d" />
    <TestEntry testId="e67bb098-8b1f-388f-d739-32f16e4874e5" executionId="3feb1166-f664-474e-9e86-5e3fd10ab3c2" testListId="8c84fa94-04c1-424b-9868-57a2d4851a1d" />
  </TestEntries>
  <Results>
    <UnitTestResult executionId="a9272050-eea0-43f9-88b3-13abd3b4e8c2" testId="f4ed97c4-6c24-6811-2f0e-e4b03a48b8e1" testName="Should_return_0A0B_when_no_numbers_match" computerName="PWC-DEV-85" duration="00:00:00.0155959" startTime="2012-04-18T13:06:29.8809802+08:00" endTime="2012-04-18T13:06:29.9569846+08:00" testType="13cdc9d9-ddb5-4fa4-a97d-d965ccfc6d4b" outcome="Passed" testListId="8c84fa94-04c1-424b-9868-57a2d4851a1d" relativeResultsDirectory="a9272050-eea0-43f9-88b3-13abd3b4e8c2">
    </UnitTestResult>
    <UnitTestResult executionId="3feb1166-f664-474e-9e86-5e3fd10ab3c2" testId="e67bb098-8b1f-388f-d739-32f16e4874e5" testName="should_return_1A0B_when_one_number_match" computerName="PWC-DEV-85" duration="00:00:00.0002291" startTime="2012-04-18T13:06:29.9639850+08:00" endTime="2012-04-18T13:06:29.9649850+08:00" testType="13cdc9d9-ddb5-4fa4-a97d-d965ccfc6d4b" outcome="Passed" testListId="8c84fa94-04c1-424b-9868-57a2d4851a1d" relativeResultsDirectory="3feb1166-f664-474e-9e86-5e3fd10ab3c2">
    </UnitTestResult>
  </Results>
</TestRun>